<?xml version="1.0" encoding="UTF-8"?>
<!-- Generated by org.testng.reporters.JUnitReportReporter -->
<testsuite skipped="0" hostname="DESKTOP-09AO3Q3" name="relayR.RelayRUIHomePageHeaderlinksTest" tests="1" failures="0" timestamp="14 Jul 2019 18:25:55 GMT" time="32.388" errors="0">
  <testcase name="VerifyHomePageHeaderlinks" time="32.388" classname="relayR.RelayRUIHomePageHeaderlinksTest"/>
</testsuite> <!-- relayR.RelayRUIHomePageHeaderlinksTest -->
